[0.098s] DEBUG:colcon:Command line arguments: ['/usr/bin/colcon', 'build']
[0.098s] DEBUG:colcon:Parsed command line arguments: Namespace(log_base=None, log_level=None, verb_name='build', build_base='build', install_base='install', merge_install=False, symlink_install=False, test_result_base=None, continue_on_error=False, executor='parallel', parallel_workers=12, event_handlers=None, ignore_user_meta=False, metas=['./colcon.meta'], base_paths=['.'], packages_ignore=None, packages_ignore_regex=None, paths=None, packages_up_to=None, packages_up_to_regex=None, packages_above=None, packages_above_and_dependencies=None, packages_above_depth=None, packages_select_by_dep=None, packages_skip_by_dep=None, packages_skip_up_to=None, packages_select_build_failed=False, packages_skip_build_finished=False, packages_select_test_failures=False, packages_skip_test_passed=False, packages_select=None, packages_skip=None, packages_select_regex=None, packages_skip_regex=None, packages_start=None, packages_end=None, allow_overriding=[], cmake_args=None, cmake_target=None, cmake_target_skip_unavailable=False, cmake_clean_cache=False, cmake_clean_first=False, cmake_force_configure=False, ament_cmake_args=None, catkin_cmake_args=None, catkin_skip_building_tests=False, mixin_files=None, mixin=None, verb_parser=<colcon_mixin.mixin.mixin_argument.MixinArgumentDecorator object at 0x7d944633d6f0>, verb_extension=<colcon_core.verb.build.BuildVerb object at 0x7d944649ef50>, main=<bound method BuildVerb.main of <colcon_core.verb.build.BuildVerb object at 0x7d944649ef50>>, mixin_verb=('build',))
[0.139s] Level 1:colcon.colcon_core.package_discovery:discover_packages(colcon_meta) check parameters
[0.139s] Level 1:colcon.colcon_core.package_discovery:discover_packages(recursive) check parameters
[0.139s] Level 1:colcon.colcon_core.package_discovery:discover_packages(ignore) check parameters
[0.139s] Level 1:colcon.colcon_core.package_discovery:discover_packages(path) check parameters
[0.139s] Level 1:colcon.colcon_core.package_discovery:discover_packages(colcon_meta) discover
[0.139s] Level 1:colcon.colcon_core.package_discovery:discover_packages(recursive) discover
[0.139s] INFO:colcon.colcon_core.package_discovery:Crawling recursively for packages in '/home/cibi/Documents/Learning/Github_learning/Learnings/selfDringing_and_ros2/ros_code/bumperbot_ws_1'
[0.139s] Level 1:colcon.colcon_core.package_identification:_identify(.) by extensions ['ignore', 'ignore_ament_install']
[0.139s] Level 1:colcon.colcon_core.package_identification:_identify(.) by extension 'ignore'
[0.139s] Level 1:colcon.colcon_core.package_identification:_identify(.) by extension 'ignore_ament_install'
[0.139s] Level 1:colcon.colcon_core.package_identification:_identify(.) by extensions ['colcon_pkg']
[0.139s] Level 1:colcon.colcon_core.package_identification:_identify(.) by extension 'colcon_pkg'
[0.139s] Level 1:colcon.colcon_core.package_identification:_identify(.) by extensions ['colcon_meta']
[0.139s] Level 1:colcon.colcon_core.package_identification:_identify(.) by extension 'colcon_meta'
[0.139s] Level 1:colcon.colcon_core.package_identification:_identify(.) by extensions ['ros']
[0.139s] Level 1:colcon.colcon_core.package_identification:_identify(.) by extension 'ros'
[0.155s] Level 1:colcon.colcon_core.package_identification:_identify(.) by extensions ['cmake', 'python']
[0.155s] Level 1:colcon.colcon_core.package_identification:_identify(.) by extension 'cmake'
[0.155s] Level 1:colcon.colcon_core.package_identification:_identify(.) by extension 'python'
[0.155s] Level 1:colcon.colcon_core.package_identification:_identify(.) by extensions ['python_setup_py']
[0.155s] Level 1:colcon.colcon_core.package_identification:_identify(.) by extension 'python_setup_py'
[0.155s] Level 1:colcon.colcon_core.package_identification:_identify(build) by extensions ['ignore', 'ignore_ament_install']
[0.155s] Level 1:colcon.colcon_core.package_identification:_identify(build) by extension 'ignore'
[0.155s] Level 1:colcon.colcon_core.package_identification:_identify(build) ignored
[0.155s] Level 1:colcon.colcon_core.package_identification:_identify(install) by extensions ['ignore', 'ignore_ament_install']
[0.155s] Level 1:colcon.colcon_core.package_identification:_identify(install) by extension 'ignore'
[0.155s] Level 1:colcon.colcon_core.package_identification:_identify(install) ignored
[0.155s] Level 1:colcon.colcon_core.package_identification:_identify(log) by extensions ['ignore', 'ignore_ament_install']
[0.155s] Level 1:colcon.colcon_core.package_identification:_identify(log) by extension 'ignore'
[0.155s] Level 1:colcon.colcon_core.package_identification:_identify(log) ignored
[0.155s] Level 1:colcon.colcon_core.package_identification:_identify(src) by extensions ['ignore', 'ignore_ament_install']
[0.155s] Level 1:colcon.colcon_core.package_identification:_identify(src) by extension 'ignore'
[0.155s] Level 1:colcon.colcon_core.package_identification:_identify(src) by extension 'ignore_ament_install'
[0.156s] Level 1:colcon.colcon_core.package_identification:_identify(src) by extensions ['colcon_pkg']
[0.156s] Level 1:colcon.colcon_core.package_identification:_identify(src) by extension 'colcon_pkg'
[0.156s] Level 1:colcon.colcon_core.package_identification:_identify(src) by extensions ['colcon_meta']
[0.156s] Level 1:colcon.colcon_core.package_identification:_identify(src) by extension 'colcon_meta'
[0.156s] Level 1:colcon.colcon_core.package_identification:_identify(src) by extensions ['ros']
[0.156s] Level 1:colcon.colcon_core.package_identification:_identify(src) by extension 'ros'
[0.156s] Level 1:colcon.colcon_core.package_identification:_identify(src) by extensions ['cmake', 'python']
[0.156s] Level 1:colcon.colcon_core.package_identification:_identify(src) by extension 'cmake'
[0.156s] Level 1:colcon.colcon_core.package_identification:_identify(src) by extension 'python'
[0.156s] Level 1:colcon.colcon_core.package_identification:_identify(src) by extensions ['python_setup_py']
[0.156s] Level 1:colcon.colcon_core.package_identification:_identify(src) by extension 'python_setup_py'
[0.156s] Level 1:colcon.colcon_core.package_identification:_identify(src/bumperbot_cpp_examples) by extensions ['ignore', 'ignore_ament_install']
[0.156s] Level 1:colcon.colcon_core.package_identification:_identify(src/bumperbot_cpp_examples) by extension 'ignore'
[0.156s] Level 1:colcon.colcon_core.package_identification:_identify(src/bumperbot_cpp_examples) by extension 'ignore_ament_install'
[0.156s] Level 1:colcon.colcon_core.package_identification:_identify(src/bumperbot_cpp_examples) by extensions ['colcon_pkg']
[0.156s] Level 1:colcon.colcon_core.package_identification:_identify(src/bumperbot_cpp_examples) by extension 'colcon_pkg'
[0.156s] Level 1:colcon.colcon_core.package_identification:_identify(src/bumperbot_cpp_examples) by extensions ['colcon_meta']
[0.156s] Level 1:colcon.colcon_core.package_identification:_identify(src/bumperbot_cpp_examples) by extension 'colcon_meta'
[0.156s] Level 1:colcon.colcon_core.package_identification:_identify(src/bumperbot_cpp_examples) by extensions ['ros']
[0.156s] Level 1:colcon.colcon_core.package_identification:_identify(src/bumperbot_cpp_examples) by extension 'ros'
[0.160s] DEBUG:colcon.colcon_core.package_identification:Package 'src/bumperbot_cpp_examples' with type 'ros.ament_cmake' and name 'bumperbot_cpp_examples'
[0.161s] Level 1:colcon.colcon_core.package_discovery:discover_packages(recursive) using defaults
[0.161s] Level 1:colcon.colcon_core.package_discovery:discover_packages(ignore) discover
[0.161s] Level 1:colcon.colcon_core.package_discovery:discover_packages(ignore) using defaults
[0.161s] Level 1:colcon.colcon_core.package_discovery:discover_packages(path) discover
[0.161s] Level 1:colcon.colcon_core.package_discovery:discover_packages(path) using defaults
[0.190s] Level 1:colcon.colcon_core.package_discovery:discover_packages(prefix_path) check parameters
[0.190s] Level 1:colcon.colcon_core.package_discovery:discover_packages(prefix_path) discover
[0.191s] WARNING:colcon.colcon_core.prefix_path.colcon:The path '/home/cibi/Documents/Learning/Github_learning/Learnings/selfDringing_and_ros2/ros_code/bumperbot/install' in the environment variable COLCON_PREFIX_PATH doesn't exist
[0.191s] WARNING:colcon.colcon_ros.prefix_path.ament:The path '/home/cibi/Documents/Learning/Github_learning/Learnings/selfDringing_and_ros2/ros_code/bumperbot/install/bumperbot_utils' in the environment variable AMENT_PREFIX_PATH doesn't exist
[0.191s] WARNING:colcon.colcon_ros.prefix_path.ament:The path '/home/cibi/Documents/Learning/Github_learning/Learnings/selfDringing_and_ros2/ros_code/bumperbot/install/bumperbot_py_examples' in the environment variable AMENT_PREFIX_PATH doesn't exist
[0.191s] WARNING:colcon.colcon_ros.prefix_path.ament:The path '/home/cibi/Documents/Learning/Github_learning/Learnings/selfDringing_and_ros2/ros_code/bumperbot/install/bumperbot_cpp_examples' in the environment variable AMENT_PREFIX_PATH doesn't exist
[0.191s] WARNING:colcon.colcon_ros.prefix_path.ament:The path '/home/cibi/Documents/Learning/Github_learning/Learnings/selfDringing_and_ros2/ros_code/bumperbot/install/bumperbot_msgs' in the environment variable AMENT_PREFIX_PATH doesn't exist
[0.191s] WARNING:colcon.colcon_ros.prefix_path.ament:The path '/home/cibi/Documents/Learning/Github_learning/Learnings/selfDringing_and_ros2/ros_code/bumperbot/install/bumperbot_bringup' in the environment variable AMENT_PREFIX_PATH doesn't exist
[0.191s] WARNING:colcon.colcon_ros.prefix_path.ament:The path '/home/cibi/Documents/Learning/Github_learning/Learnings/selfDringing_and_ros2/ros_code/bumperbot/install/bumperbot_mapping' in the environment variable AMENT_PREFIX_PATH doesn't exist
[0.191s] WARNING:colcon.colcon_ros.prefix_path.ament:The path '/home/cibi/Documents/Learning/Github_learning/Learnings/selfDringing_and_ros2/ros_code/bumperbot/install/bumperbot_localization' in the environment variable AMENT_PREFIX_PATH doesn't exist
[0.191s] WARNING:colcon.colcon_ros.prefix_path.ament:The path '/home/cibi/Documents/Learning/Github_learning/Learnings/selfDringing_and_ros2/ros_code/bumperbot/install/bumperbot_firmware' in the environment variable AMENT_PREFIX_PATH doesn't exist
[0.191s] WARNING:colcon.colcon_ros.prefix_path.ament:The path '/home/cibi/Documents/Learning/Github_learning/Learnings/selfDringing_and_ros2/ros_code/bumperbot/install/bumperbot_description' in the environment variable AMENT_PREFIX_PATH doesn't exist
[0.191s] WARNING:colcon.colcon_ros.prefix_path.ament:The path '/home/cibi/Documents/Learning/Github_learning/Learnings/selfDringing_and_ros2/ros_code/bumperbot/install/bumperbot_controller' in the environment variable AMENT_PREFIX_PATH doesn't exist
[0.191s] WARNING:colcon.colcon_ros.prefix_path.catkin:The path '/home/cibi/Documents/Learning/Github_learning/Learnings/selfDringing_and_ros2/ros_code/bumperbot/install/bumperbot_utils' in the environment variable CMAKE_PREFIX_PATH doesn't exist
[0.191s] WARNING:colcon.colcon_ros.prefix_path.catkin:The path '/home/cibi/Documents/Learning/Github_learning/Learnings/selfDringing_and_ros2/ros_code/bumperbot/install/bumperbot_cpp_examples' in the environment variable CMAKE_PREFIX_PATH doesn't exist
[0.191s] WARNING:colcon.colcon_ros.prefix_path.catkin:The path '/home/cibi/Documents/Learning/Github_learning/Learnings/selfDringing_and_ros2/ros_code/bumperbot/install/bumperbot_msgs' in the environment variable CMAKE_PREFIX_PATH doesn't exist
[0.191s] WARNING:colcon.colcon_ros.prefix_path.catkin:The path '/home/cibi/Documents/Learning/Github_learning/Learnings/selfDringing_and_ros2/ros_code/bumperbot/install/bumperbot_bringup' in the environment variable CMAKE_PREFIX_PATH doesn't exist
[0.191s] WARNING:colcon.colcon_ros.prefix_path.catkin:The path '/home/cibi/Documents/Learning/Github_learning/Learnings/selfDringing_and_ros2/ros_code/bumperbot/install/bumperbot_mapping' in the environment variable CMAKE_PREFIX_PATH doesn't exist
[0.191s] WARNING:colcon.colcon_ros.prefix_path.catkin:The path '/home/cibi/Documents/Learning/Github_learning/Learnings/selfDringing_and_ros2/ros_code/bumperbot/install/bumperbot_localization' in the environment variable CMAKE_PREFIX_PATH doesn't exist
[0.191s] WARNING:colcon.colcon_ros.prefix_path.catkin:The path '/home/cibi/Documents/Learning/Github_learning/Learnings/selfDringing_and_ros2/ros_code/bumperbot/install/bumperbot_firmware' in the environment variable CMAKE_PREFIX_PATH doesn't exist
[0.191s] WARNING:colcon.colcon_ros.prefix_path.catkin:The path '/home/cibi/Documents/Learning/Github_learning/Learnings/selfDringing_and_ros2/ros_code/bumperbot/install/bumperbot_description' in the environment variable CMAKE_PREFIX_PATH doesn't exist
[0.191s] WARNING:colcon.colcon_ros.prefix_path.catkin:The path '/home/cibi/Documents/Learning/Github_learning/Learnings/selfDringing_and_ros2/ros_code/bumperbot/install/bumperbot_controller' in the environment variable CMAKE_PREFIX_PATH doesn't exist
[0.193s] DEBUG:colcon.colcon_installed_package_information.package_discovery:Found 366 installed packages in /opt/ros/humble
[0.195s] Level 1:colcon.colcon_core.package_discovery:discover_packages(prefix_path) using defaults
[0.257s] Level 5:colcon.colcon_core.verb:set package 'bumperbot_cpp_examples' build argument 'cmake_args' from command line to 'None'
[0.257s] Level 5:colcon.colcon_core.verb:set package 'bumperbot_cpp_examples' build argument 'cmake_target' from command line to 'None'
[0.257s] Level 5:colcon.colcon_core.verb:set package 'bumperbot_cpp_examples' build argument 'cmake_target_skip_unavailable' from command line to 'False'
[0.257s] Level 5:colcon.colcon_core.verb:set package 'bumperbot_cpp_examples' build argument 'cmake_clean_cache' from command line to 'False'
[0.257s] Level 5:colcon.colcon_core.verb:set package 'bumperbot_cpp_examples' build argument 'cmake_clean_first' from command line to 'False'
[0.257s] Level 5:colcon.colcon_core.verb:set package 'bumperbot_cpp_examples' build argument 'cmake_force_configure' from command line to 'False'
[0.257s] Level 5:colcon.colcon_core.verb:set package 'bumperbot_cpp_examples' build argument 'ament_cmake_args' from command line to 'None'
[0.257s] Level 5:colcon.colcon_core.verb:set package 'bumperbot_cpp_examples' build argument 'catkin_cmake_args' from command line to 'None'
[0.257s] Level 5:colcon.colcon_core.verb:set package 'bumperbot_cpp_examples' build argument 'catkin_skip_building_tests' from command line to 'False'
[0.257s] DEBUG:colcon.colcon_core.verb:Building package 'bumperbot_cpp_examples' with the following arguments: {'ament_cmake_args': None, 'build_base': '/home/cibi/Documents/Learning/Github_learning/Learnings/selfDringing_and_ros2/ros_code/bumperbot_ws_1/build/bumperbot_cpp_examples', 'catkin_cmake_args': None, 'catkin_skip_building_tests': False, 'cmake_args': None, 'cmake_clean_cache': False, 'cmake_clean_first': False, 'cmake_force_configure': False, 'cmake_target': None, 'cmake_target_skip_unavailable': False, 'install_base': '/home/cibi/Documents/Learning/Github_learning/Learnings/selfDringing_and_ros2/ros_code/bumperbot_ws_1/install/bumperbot_cpp_examples', 'merge_install': False, 'path': '/home/cibi/Documents/Learning/Github_learning/Learnings/selfDringing_and_ros2/ros_code/bumperbot_ws_1/src/bumperbot_cpp_examples', 'symlink_install': False, 'test_result_base': None}
[0.258s] INFO:colcon.colcon_core.executor:Executing jobs using 'parallel' executor
[0.259s] DEBUG:colcon.colcon_parallel_executor.executor.parallel:run_until_complete
[0.259s] INFO:colcon.colcon_ros.task.ament_cmake.build:Building ROS package in '/home/cibi/Documents/Learning/Github_learning/Learnings/selfDringing_and_ros2/ros_code/bumperbot_ws_1/src/bumperbot_cpp_examples' with build type 'ament_cmake'
[0.259s] INFO:colcon.colcon_cmake.task.cmake.build:Building CMake package in '/home/cibi/Documents/Learning/Github_learning/Learnings/selfDringing_and_ros2/ros_code/bumperbot_ws_1/src/bumperbot_cpp_examples'
[0.262s] INFO:colcon.colcon_core.plugin_system:Skipping extension 'colcon_core.shell.bat': Not used on non-Windows systems
[0.262s] INFO:colcon.colcon_core.shell:Skip shell extension 'powershell' for command environment: Not usable outside of PowerShell
[0.262s] DEBUG:colcon.colcon_core.shell:Skip shell extension 'dsv' for command environment
[0.275s] DEBUG:colcon.colcon_core.event_handler.log_command:Invoking command in '/home/cibi/Documents/Learning/Github_learning/Learnings/selfDringing_and_ros2/ros_code/bumperbot_ws_1/build/bumperbot_cpp_examples': CMAKE_PREFIX_PATH=${CMAKE_PREFIX_PATH}:/home/cibi/Documents/Learning/Github_learning/Learnings/selfDringing_and_ros2/ros_code/bumperbot/install/bumperbot_py_examples:/opt/ros/humble _=/usr/bin/env /usr/bin/cmake /home/cibi/Documents/Learning/Github_learning/Learnings/selfDringing_and_ros2/ros_code/bumperbot_ws_1/src/bumperbot_cpp_examples -DCMAKE_INSTALL_PREFIX=/home/cibi/Documents/Learning/Github_learning/Learnings/selfDringing_and_ros2/ros_code/bumperbot_ws_1/install/bumperbot_cpp_examples
[1.386s] DEBUG:colcon.colcon_core.event_handler.log_command:Invoked command in '/home/cibi/Documents/Learning/Github_learning/Learnings/selfDringing_and_ros2/ros_code/bumperbot_ws_1/build/bumperbot_cpp_examples' returned '0': CMAKE_PREFIX_PATH=${CMAKE_PREFIX_PATH}:/home/cibi/Documents/Learning/Github_learning/Learnings/selfDringing_and_ros2/ros_code/bumperbot/install/bumperbot_py_examples:/opt/ros/humble _=/usr/bin/env /usr/bin/cmake /home/cibi/Documents/Learning/Github_learning/Learnings/selfDringing_and_ros2/ros_code/bumperbot_ws_1/src/bumperbot_cpp_examples -DCMAKE_INSTALL_PREFIX=/home/cibi/Documents/Learning/Github_learning/Learnings/selfDringing_and_ros2/ros_code/bumperbot_ws_1/install/bumperbot_cpp_examples
[1.388s] DEBUG:colcon.colcon_core.event_handler.log_command:Invoking command in '/home/cibi/Documents/Learning/Github_learning/Learnings/selfDringing_and_ros2/ros_code/bumperbot_ws_1/build/bumperbot_cpp_examples': CMAKE_PREFIX_PATH=${CMAKE_PREFIX_PATH}:/home/cibi/Documents/Learning/Github_learning/Learnings/selfDringing_and_ros2/ros_code/bumperbot/install/bumperbot_py_examples:/opt/ros/humble _=/usr/bin/env /usr/bin/cmake --build /home/cibi/Documents/Learning/Github_learning/Learnings/selfDringing_and_ros2/ros_code/bumperbot_ws_1/build/bumperbot_cpp_examples -- -j12 -l12
[1.445s] DEBUG:colcon.colcon_core.event_handler.log_command:Invoked command in '/home/cibi/Documents/Learning/Github_learning/Learnings/selfDringing_and_ros2/ros_code/bumperbot_ws_1/build/bumperbot_cpp_examples' returned '0': CMAKE_PREFIX_PATH=${CMAKE_PREFIX_PATH}:/home/cibi/Documents/Learning/Github_learning/Learnings/selfDringing_and_ros2/ros_code/bumperbot/install/bumperbot_py_examples:/opt/ros/humble _=/usr/bin/env /usr/bin/cmake --build /home/cibi/Documents/Learning/Github_learning/Learnings/selfDringing_and_ros2/ros_code/bumperbot_ws_1/build/bumperbot_cpp_examples -- -j12 -l12
[1.458s] DEBUG:colcon.colcon_core.event_handler.log_command:Invoking command in '/home/cibi/Documents/Learning/Github_learning/Learnings/selfDringing_and_ros2/ros_code/bumperbot_ws_1/build/bumperbot_cpp_examples': CMAKE_PREFIX_PATH=${CMAKE_PREFIX_PATH}:/home/cibi/Documents/Learning/Github_learning/Learnings/selfDringing_and_ros2/ros_code/bumperbot/install/bumperbot_py_examples:/opt/ros/humble _=/usr/bin/env /usr/bin/cmake --install /home/cibi/Documents/Learning/Github_learning/Learnings/selfDringing_and_ros2/ros_code/bumperbot_ws_1/build/bumperbot_cpp_examples
[1.500s] Level 1:colcon.colcon_core.environment:create_environment_scripts_only(bumperbot_cpp_examples)
[1.501s] DEBUG:colcon.colcon_core.event_handler.log_command:Invoked command in '/home/cibi/Documents/Learning/Github_learning/Learnings/selfDringing_and_ros2/ros_code/bumperbot_ws_1/build/bumperbot_cpp_examples' returned '0': CMAKE_PREFIX_PATH=${CMAKE_PREFIX_PATH}:/home/cibi/Documents/Learning/Github_learning/Learnings/selfDringing_and_ros2/ros_code/bumperbot/install/bumperbot_py_examples:/opt/ros/humble _=/usr/bin/env /usr/bin/cmake --install /home/cibi/Documents/Learning/Github_learning/Learnings/selfDringing_and_ros2/ros_code/bumperbot_ws_1/build/bumperbot_cpp_examples
[1.508s] Level 1:colcon.colcon_core.environment:checking '/home/cibi/Documents/Learning/Github_learning/Learnings/selfDringing_and_ros2/ros_code/bumperbot_ws_1/install/bumperbot_cpp_examples' for CMake module files
[1.509s] Level 1:colcon.colcon_core.environment:checking '/home/cibi/Documents/Learning/Github_learning/Learnings/selfDringing_and_ros2/ros_code/bumperbot_ws_1/install/bumperbot_cpp_examples' for CMake config files
[1.509s] Level 1:colcon.colcon_core.shell:create_environment_hook('bumperbot_cpp_examples', 'cmake_prefix_path')
[1.510s] INFO:colcon.colcon_core.shell:Creating environment hook '/home/cibi/Documents/Learning/Github_learning/Learnings/selfDringing_and_ros2/ros_code/bumperbot_ws_1/install/bumperbot_cpp_examples/share/bumperbot_cpp_examples/hook/cmake_prefix_path.ps1'
[1.512s] INFO:colcon.colcon_core.shell:Creating environment descriptor '/home/cibi/Documents/Learning/Github_learning/Learnings/selfDringing_and_ros2/ros_code/bumperbot_ws_1/install/bumperbot_cpp_examples/share/bumperbot_cpp_examples/hook/cmake_prefix_path.dsv'
[1.513s] INFO:colcon.colcon_core.shell:Creating environment hook '/home/cibi/Documents/Learning/Github_learning/Learnings/selfDringing_and_ros2/ros_code/bumperbot_ws_1/install/bumperbot_cpp_examples/share/bumperbot_cpp_examples/hook/cmake_prefix_path.sh'
[1.516s] Level 1:colcon.colcon_core.environment:checking '/home/cibi/Documents/Learning/Github_learning/Learnings/selfDringing_and_ros2/ros_code/bumperbot_ws_1/install/bumperbot_cpp_examples/bin'
[1.516s] Level 1:colcon.colcon_core.environment:checking '/home/cibi/Documents/Learning/Github_learning/Learnings/selfDringing_and_ros2/ros_code/bumperbot_ws_1/install/bumperbot_cpp_examples/lib/pkgconfig/bumperbot_cpp_examples.pc'
[1.516s] Level 1:colcon.colcon_core.environment:checking '/home/cibi/Documents/Learning/Github_learning/Learnings/selfDringing_and_ros2/ros_code/bumperbot_ws_1/install/bumperbot_cpp_examples/lib/python3.10/site-packages'
[1.517s] Level 1:colcon.colcon_core.environment:checking '/home/cibi/Documents/Learning/Github_learning/Learnings/selfDringing_and_ros2/ros_code/bumperbot_ws_1/install/bumperbot_cpp_examples/bin'
[1.517s] INFO:colcon.colcon_core.shell:Creating package script '/home/cibi/Documents/Learning/Github_learning/Learnings/selfDringing_and_ros2/ros_code/bumperbot_ws_1/install/bumperbot_cpp_examples/share/bumperbot_cpp_examples/package.ps1'
[1.519s] INFO:colcon.colcon_core.shell:Creating package descriptor '/home/cibi/Documents/Learning/Github_learning/Learnings/selfDringing_and_ros2/ros_code/bumperbot_ws_1/install/bumperbot_cpp_examples/share/bumperbot_cpp_examples/package.dsv'
[1.521s] INFO:colcon.colcon_core.shell:Creating package script '/home/cibi/Documents/Learning/Github_learning/Learnings/selfDringing_and_ros2/ros_code/bumperbot_ws_1/install/bumperbot_cpp_examples/share/bumperbot_cpp_examples/package.sh'
[1.523s] INFO:colcon.colcon_core.shell:Creating package script '/home/cibi/Documents/Learning/Github_learning/Learnings/selfDringing_and_ros2/ros_code/bumperbot_ws_1/install/bumperbot_cpp_examples/share/bumperbot_cpp_examples/package.bash'
[1.524s] INFO:colcon.colcon_core.shell:Creating package script '/home/cibi/Documents/Learning/Github_learning/Learnings/selfDringing_and_ros2/ros_code/bumperbot_ws_1/install/bumperbot_cpp_examples/share/bumperbot_cpp_examples/package.zsh'
[1.526s] Level 1:colcon.colcon_core.environment:create_file_with_runtime_dependencies(/home/cibi/Documents/Learning/Github_learning/Learnings/selfDringing_and_ros2/ros_code/bumperbot_ws_1/install/bumperbot_cpp_examples/share/colcon-core/packages/bumperbot_cpp_examples)
[1.527s] Level 1:colcon.colcon_core.environment:create_environment_scripts_only(bumperbot_cpp_examples)
[1.528s] Level 1:colcon.colcon_core.environment:checking '/home/cibi/Documents/Learning/Github_learning/Learnings/selfDringing_and_ros2/ros_code/bumperbot_ws_1/install/bumperbot_cpp_examples' for CMake module files
[1.528s] Level 1:colcon.colcon_core.environment:checking '/home/cibi/Documents/Learning/Github_learning/Learnings/selfDringing_and_ros2/ros_code/bumperbot_ws_1/install/bumperbot_cpp_examples' for CMake config files
[1.528s] Level 1:colcon.colcon_core.shell:create_environment_hook('bumperbot_cpp_examples', 'cmake_prefix_path')
[1.529s] INFO:colcon.colcon_core.shell:Creating environment hook '/home/cibi/Documents/Learning/Github_learning/Learnings/selfDringing_and_ros2/ros_code/bumperbot_ws_1/install/bumperbot_cpp_examples/share/bumperbot_cpp_examples/hook/cmake_prefix_path.ps1'
[1.530s] INFO:colcon.colcon_core.shell:Creating environment descriptor '/home/cibi/Documents/Learning/Github_learning/Learnings/selfDringing_and_ros2/ros_code/bumperbot_ws_1/install/bumperbot_cpp_examples/share/bumperbot_cpp_examples/hook/cmake_prefix_path.dsv'
[1.532s] INFO:colcon.colcon_core.shell:Creating environment hook '/home/cibi/Documents/Learning/Github_learning/Learnings/selfDringing_and_ros2/ros_code/bumperbot_ws_1/install/bumperbot_cpp_examples/share/bumperbot_cpp_examples/hook/cmake_prefix_path.sh'
[1.536s] Level 1:colcon.colcon_core.environment:checking '/home/cibi/Documents/Learning/Github_learning/Learnings/selfDringing_and_ros2/ros_code/bumperbot_ws_1/install/bumperbot_cpp_examples/bin'
[1.536s] Level 1:colcon.colcon_core.environment:checking '/home/cibi/Documents/Learning/Github_learning/Learnings/selfDringing_and_ros2/ros_code/bumperbot_ws_1/install/bumperbot_cpp_examples/lib/pkgconfig/bumperbot_cpp_examples.pc'
[1.536s] Level 1:colcon.colcon_core.environment:checking '/home/cibi/Documents/Learning/Github_learning/Learnings/selfDringing_and_ros2/ros_code/bumperbot_ws_1/install/bumperbot_cpp_examples/lib/python3.10/site-packages'
[1.537s] Level 1:colcon.colcon_core.environment:checking '/home/cibi/Documents/Learning/Github_learning/Learnings/selfDringing_and_ros2/ros_code/bumperbot_ws_1/install/bumperbot_cpp_examples/bin'
[1.537s] INFO:colcon.colcon_core.shell:Creating package script '/home/cibi/Documents/Learning/Github_learning/Learnings/selfDringing_and_ros2/ros_code/bumperbot_ws_1/install/bumperbot_cpp_examples/share/bumperbot_cpp_examples/package.ps1'
[1.540s] INFO:colcon.colcon_core.shell:Creating package descriptor '/home/cibi/Documents/Learning/Github_learning/Learnings/selfDringing_and_ros2/ros_code/bumperbot_ws_1/install/bumperbot_cpp_examples/share/bumperbot_cpp_examples/package.dsv'
[1.543s] INFO:colcon.colcon_core.shell:Creating package script '/home/cibi/Documents/Learning/Github_learning/Learnings/selfDringing_and_ros2/ros_code/bumperbot_ws_1/install/bumperbot_cpp_examples/share/bumperbot_cpp_examples/package.sh'
[1.545s] INFO:colcon.colcon_core.shell:Creating package script '/home/cibi/Documents/Learning/Github_learning/Learnings/selfDringing_and_ros2/ros_code/bumperbot_ws_1/install/bumperbot_cpp_examples/share/bumperbot_cpp_examples/package.bash'
[1.546s] INFO:colcon.colcon_core.shell:Creating package script '/home/cibi/Documents/Learning/Github_learning/Learnings/selfDringing_and_ros2/ros_code/bumperbot_ws_1/install/bumperbot_cpp_examples/share/bumperbot_cpp_examples/package.zsh'
[1.548s] Level 1:colcon.colcon_core.environment:create_file_with_runtime_dependencies(/home/cibi/Documents/Learning/Github_learning/Learnings/selfDringing_and_ros2/ros_code/bumperbot_ws_1/install/bumperbot_cpp_examples/share/colcon-core/packages/bumperbot_cpp_examples)
[1.548s] DEBUG:colcon.colcon_parallel_executor.executor.parallel:closing loop
[1.549s] DEBUG:colcon.colcon_parallel_executor.executor.parallel:loop closed
[1.549s] DEBUG:colcon.colcon_parallel_executor.executor.parallel:run_until_complete finished with '0'
[1.549s] DEBUG:colcon.colcon_core.event_reactor:joining thread
[1.559s] INFO:colcon.colcon_core.plugin_system:Skipping extension 'colcon_notification.desktop_notification.terminal_notifier': Not used on non-Darwin systems
[1.560s] INFO:colcon.colcon_core.plugin_system:Skipping extension 'colcon_notification.desktop_notification.win32': Not used on non-Windows systems
[1.560s] INFO:colcon.colcon_notification.desktop_notification:Sending desktop notification using 'notify2'
[1.571s] DEBUG:colcon.colcon_core.event_reactor:joined thread
[1.572s] INFO:colcon.colcon_core.shell:Creating prefix script '/home/cibi/Documents/Learning/Github_learning/Learnings/selfDringing_and_ros2/ros_code/bumperbot_ws_1/install/local_setup.ps1'
[1.574s] INFO:colcon.colcon_core.shell:Creating prefix util module '/home/cibi/Documents/Learning/Github_learning/Learnings/selfDringing_and_ros2/ros_code/bumperbot_ws_1/install/_local_setup_util_ps1.py'
[1.576s] INFO:colcon.colcon_core.shell:Creating prefix chain script '/home/cibi/Documents/Learning/Github_learning/Learnings/selfDringing_and_ros2/ros_code/bumperbot_ws_1/install/setup.ps1'
[1.578s] INFO:colcon.colcon_core.shell:Creating prefix script '/home/cibi/Documents/Learning/Github_learning/Learnings/selfDringing_and_ros2/ros_code/bumperbot_ws_1/install/local_setup.sh'
[1.579s] INFO:colcon.colcon_core.shell:Creating prefix util module '/home/cibi/Documents/Learning/Github_learning/Learnings/selfDringing_and_ros2/ros_code/bumperbot_ws_1/install/_local_setup_util_sh.py'
[1.580s] INFO:colcon.colcon_core.shell:Creating prefix chain script '/home/cibi/Documents/Learning/Github_learning/Learnings/selfDringing_and_ros2/ros_code/bumperbot_ws_1/install/setup.sh'
[1.582s] INFO:colcon.colcon_core.shell:Creating prefix script '/home/cibi/Documents/Learning/Github_learning/Learnings/selfDringing_and_ros2/ros_code/bumperbot_ws_1/install/local_setup.bash'
[1.583s] INFO:colcon.colcon_core.shell:Creating prefix chain script '/home/cibi/Documents/Learning/Github_learning/Learnings/selfDringing_and_ros2/ros_code/bumperbot_ws_1/install/setup.bash'
[1.585s] INFO:colcon.colcon_core.shell:Creating prefix script '/home/cibi/Documents/Learning/Github_learning/Learnings/selfDringing_and_ros2/ros_code/bumperbot_ws_1/install/local_setup.zsh'
[1.586s] INFO:colcon.colcon_core.shell:Creating prefix chain script '/home/cibi/Documents/Learning/Github_learning/Learnings/selfDringing_and_ros2/ros_code/bumperbot_ws_1/install/setup.zsh'
