[0.020s] Invoking command in '/home/cibi/Documents/Learning/Github_learning/Learnings/selfDringing_and_ros2/ros_code/bumperbot_ws_1/build/bumperbot_cpp_examples': CMAKE_PREFIX_PATH=/opt/ros/humble CONDA_PROMPT_MODIFIER=(base) _=/usr/bin/env /usr/bin/cmake --build /home/cibi/Documents/Learning/Github_learning/Learnings/selfDringing_and_ros2/ros_code/bumperbot_ws_1/build/bumperbot_cpp_examples -- -j12 -l12
[0.318s] Invoked command in '/home/cibi/Documents/Learning/Github_learning/Learnings/selfDringing_and_ros2/ros_code/bumperbot_ws_1/build/bumperbot_cpp_examples' returned '0': CMAKE_PREFIX_PATH=/opt/ros/humble CONDA_PROMPT_MODIFIER=(base) _=/usr/bin/env /usr/bin/cmake --build /home/cibi/Documents/Learning/Github_learning/Learnings/selfDringing_and_ros2/ros_code/bumperbot_ws_1/build/bumperbot_cpp_examples -- -j12 -l12
[0.334s] Invoking command in '/home/cibi/Documents/Learning/Github_learning/Learnings/selfDringing_and_ros2/ros_code/bumperbot_ws_1/build/bumperbot_cpp_examples': CMAKE_PREFIX_PATH=/opt/ros/humble CONDA_PROMPT_MODIFIER=(base) _=/usr/bin/env /usr/bin/cmake --install /home/cibi/Documents/Learning/Github_learning/Learnings/selfDringing_and_ros2/ros_code/bumperbot_ws_1/build/bumperbot_cpp_examples
[0.344s] -- Install configuration: ""
[0.344s] -- Up-to-date: /home/cibi/Documents/Learning/Github_learning/Learnings/selfDringing_and_ros2/ros_code/bumperbot_ws_1/install/bumperbot_cpp_examples/share/ament_index/resource_index/package_run_dependencies/bumperbot_cpp_examples
[0.344s] -- Up-to-date: /home/cibi/Documents/Learning/Github_learning/Learnings/selfDringing_and_ros2/ros_code/bumperbot_ws_1/install/bumperbot_cpp_examples/share/ament_index/resource_index/parent_prefix_path/bumperbot_cpp_examples
[0.344s] -- Up-to-date: /home/cibi/Documents/Learning/Github_learning/Learnings/selfDringing_and_ros2/ros_code/bumperbot_ws_1/install/bumperbot_cpp_examples/share/bumperbot_cpp_examples/environment/ament_prefix_path.sh
[0.344s] -- Up-to-date: /home/cibi/Documents/Learning/Github_learning/Learnings/selfDringing_and_ros2/ros_code/bumperbot_ws_1/install/bumperbot_cpp_examples/share/bumperbot_cpp_examples/environment/ament_prefix_path.dsv
[0.344s] -- Up-to-date: /home/cibi/Documents/Learning/Github_learning/Learnings/selfDringing_and_ros2/ros_code/bumperbot_ws_1/install/bumperbot_cpp_examples/share/bumperbot_cpp_examples/environment/path.sh
[0.345s] -- Up-to-date: /home/cibi/Documents/Learning/Github_learning/Learnings/selfDringing_and_ros2/ros_code/bumperbot_ws_1/install/bumperbot_cpp_examples/share/bumperbot_cpp_examples/environment/path.dsv
[0.345s] -- Up-to-date: /home/cibi/Documents/Learning/Github_learning/Learnings/selfDringing_and_ros2/ros_code/bumperbot_ws_1/install/bumperbot_cpp_examples/share/bumperbot_cpp_examples/local_setup.bash
[0.345s] -- Up-to-date: /home/cibi/Documents/Learning/Github_learning/Learnings/selfDringing_and_ros2/ros_code/bumperbot_ws_1/install/bumperbot_cpp_examples/share/bumperbot_cpp_examples/local_setup.sh
[0.345s] -- Up-to-date: /home/cibi/Documents/Learning/Github_learning/Learnings/selfDringing_and_ros2/ros_code/bumperbot_ws_1/install/bumperbot_cpp_examples/share/bumperbot_cpp_examples/local_setup.zsh
[0.345s] -- Up-to-date: /home/cibi/Documents/Learning/Github_learning/Learnings/selfDringing_and_ros2/ros_code/bumperbot_ws_1/install/bumperbot_cpp_examples/share/bumperbot_cpp_examples/local_setup.dsv
[0.345s] -- Up-to-date: /home/cibi/Documents/Learning/Github_learning/Learnings/selfDringing_and_ros2/ros_code/bumperbot_ws_1/install/bumperbot_cpp_examples/share/bumperbot_cpp_examples/package.dsv
[0.345s] -- Up-to-date: /home/cibi/Documents/Learning/Github_learning/Learnings/selfDringing_and_ros2/ros_code/bumperbot_ws_1/install/bumperbot_cpp_examples/share/ament_index/resource_index/packages/bumperbot_cpp_examples
[0.345s] -- Up-to-date: /home/cibi/Documents/Learning/Github_learning/Learnings/selfDringing_and_ros2/ros_code/bumperbot_ws_1/install/bumperbot_cpp_examples/share/bumperbot_cpp_examples/cmake/bumperbot_cpp_examplesConfig.cmake
[0.346s] -- Up-to-date: /home/cibi/Documents/Learning/Github_learning/Learnings/selfDringing_and_ros2/ros_code/bumperbot_ws_1/install/bumperbot_cpp_examples/share/bumperbot_cpp_examples/cmake/bumperbot_cpp_examplesConfig-version.cmake
[0.346s] -- Up-to-date: /home/cibi/Documents/Learning/Github_learning/Learnings/selfDringing_and_ros2/ros_code/bumperbot_ws_1/install/bumperbot_cpp_examples/share/bumperbot_cpp_examples/package.xml
[0.346s] Invoked command in '/home/cibi/Documents/Learning/Github_learning/Learnings/selfDringing_and_ros2/ros_code/bumperbot_ws_1/build/bumperbot_cpp_examples' returned '0': CMAKE_PREFIX_PATH=/opt/ros/humble CONDA_PROMPT_MODIFIER=(base) _=/usr/bin/env /usr/bin/cmake --install /home/cibi/Documents/Learning/Github_learning/Learnings/selfDringing_and_ros2/ros_code/bumperbot_ws_1/build/bumperbot_cpp_examples
