[0.015s] Invoking command in '/home/cibi/Documents/Learning/Github_learning/Learnings/selfDringing_and_ros2/ros_code/bumperbot_ws_1/build/bumperbot_cpp_examples': CMAKE_PREFIX_PATH=${CMAKE_PREFIX_PATH}:/home/cibi/Documents/Learning/Github_learning/Learnings/selfDringing_and_ros2/ros_code/bumperbot/install/bumperbot_py_examples:/opt/ros/humble _=/usr/bin/env /usr/bin/cmake /home/cibi/Documents/Learning/Github_learning/Learnings/selfDringing_and_ros2/ros_code/bumperbot_ws_1/src/bumperbot_cpp_examples -DCMAKE_INSTALL_PREFIX=/home/cibi/Documents/Learning/Github_learning/Learnings/selfDringing_and_ros2/ros_code/bumperbot_ws_1/install/bumperbot_cpp_examples
[0.089s] -- The C compiler identification is GNU 11.4.0
[0.160s] -- The CXX compiler identification is GNU 11.4.0
[0.173s] -- Detecting C compiler ABI info
[0.268s] -- Detecting C compiler ABI info - done
[0.279s] -- Check for working C compiler: /usr/bin/cc - skipped
[0.280s] -- Detecting C compile features
[0.280s] -- Detecting C compile features - done
[0.287s] -- Detecting CXX compiler ABI info
[0.399s] -- Detecting CXX compiler ABI info - done
[0.411s] -- Check for working CXX compiler: /usr/bin/c++ - skipped
[0.411s] -- Detecting CXX compile features
[0.412s] -- Detecting CXX compile features - done
[0.418s] -- Found ament_cmake: 1.3.11 (/opt/ros/humble/share/ament_cmake/cmake)
[0.881s] -- Found Python3: /usr/bin/python3 (found version "3.10.12") found components: Interpreter 
[0.999s] -- Found ament_lint_auto: 0.12.11 (/opt/ros/humble/share/ament_lint_auto/cmake)
[1.101s] -- Added test 'lint_cmake' to check CMake code style
[1.103s] -- Added test 'xmllint' to check XML markup files
[1.107s] -- Configuring done
[1.115s] -- Generating done
[1.121s] -- Build files have been written to: /home/cibi/Documents/Learning/Github_learning/Learnings/selfDringing_and_ros2/ros_code/bumperbot_ws_1/build/bumperbot_cpp_examples
[1.126s] Invoked command in '/home/cibi/Documents/Learning/Github_learning/Learnings/selfDringing_and_ros2/ros_code/bumperbot_ws_1/build/bumperbot_cpp_examples' returned '0': CMAKE_PREFIX_PATH=${CMAKE_PREFIX_PATH}:/home/cibi/Documents/Learning/Github_learning/Learnings/selfDringing_and_ros2/ros_code/bumperbot/install/bumperbot_py_examples:/opt/ros/humble _=/usr/bin/env /usr/bin/cmake /home/cibi/Documents/Learning/Github_learning/Learnings/selfDringing_and_ros2/ros_code/bumperbot_ws_1/src/bumperbot_cpp_examples -DCMAKE_INSTALL_PREFIX=/home/cibi/Documents/Learning/Github_learning/Learnings/selfDringing_and_ros2/ros_code/bumperbot_ws_1/install/bumperbot_cpp_examples
[1.128s] Invoking command in '/home/cibi/Documents/Learning/Github_learning/Learnings/selfDringing_and_ros2/ros_code/bumperbot_ws_1/build/bumperbot_cpp_examples': CMAKE_PREFIX_PATH=${CMAKE_PREFIX_PATH}:/home/cibi/Documents/Learning/Github_learning/Learnings/selfDringing_and_ros2/ros_code/bumperbot/install/bumperbot_py_examples:/opt/ros/humble _=/usr/bin/env /usr/bin/cmake --build /home/cibi/Documents/Learning/Github_learning/Learnings/selfDringing_and_ros2/ros_code/bumperbot_ws_1/build/bumperbot_cpp_examples -- -j12 -l12
[1.185s] Invoked command in '/home/cibi/Documents/Learning/Github_learning/Learnings/selfDringing_and_ros2/ros_code/bumperbot_ws_1/build/bumperbot_cpp_examples' returned '0': CMAKE_PREFIX_PATH=${CMAKE_PREFIX_PATH}:/home/cibi/Documents/Learning/Github_learning/Learnings/selfDringing_and_ros2/ros_code/bumperbot/install/bumperbot_py_examples:/opt/ros/humble _=/usr/bin/env /usr/bin/cmake --build /home/cibi/Documents/Learning/Github_learning/Learnings/selfDringing_and_ros2/ros_code/bumperbot_ws_1/build/bumperbot_cpp_examples -- -j12 -l12
[1.198s] Invoking command in '/home/cibi/Documents/Learning/Github_learning/Learnings/selfDringing_and_ros2/ros_code/bumperbot_ws_1/build/bumperbot_cpp_examples': CMAKE_PREFIX_PATH=${CMAKE_PREFIX_PATH}:/home/cibi/Documents/Learning/Github_learning/Learnings/selfDringing_and_ros2/ros_code/bumperbot/install/bumperbot_py_examples:/opt/ros/humble _=/usr/bin/env /usr/bin/cmake --install /home/cibi/Documents/Learning/Github_learning/Learnings/selfDringing_and_ros2/ros_code/bumperbot_ws_1/build/bumperbot_cpp_examples
[1.207s] -- Install configuration: ""
[1.208s] -- Installing: /home/cibi/Documents/Learning/Github_learning/Learnings/selfDringing_and_ros2/ros_code/bumperbot_ws_1/install/bumperbot_cpp_examples/share/ament_index/resource_index/package_run_dependencies/bumperbot_cpp_examples
[1.208s] -- Installing: /home/cibi/Documents/Learning/Github_learning/Learnings/selfDringing_and_ros2/ros_code/bumperbot_ws_1/install/bumperbot_cpp_examples/share/ament_index/resource_index/parent_prefix_path/bumperbot_cpp_examples
[1.209s] -- Installing: /home/cibi/Documents/Learning/Github_learning/Learnings/selfDringing_and_ros2/ros_code/bumperbot_ws_1/install/bumperbot_cpp_examples/share/bumperbot_cpp_examples/environment/ament_prefix_path.sh
[1.210s] -- Installing: /home/cibi/Documents/Learning/Github_learning/Learnings/selfDringing_and_ros2/ros_code/bumperbot_ws_1/install/bumperbot_cpp_examples/share/bumperbot_cpp_examples/environment/ament_prefix_path.dsv
[1.213s] -- Installing: /home/cibi/Documents/Learning/Github_learning/Learnings/selfDringing_and_ros2/ros_code/bumperbot_ws_1/install/bumperbot_cpp_examples/share/bumperbot_cpp_examples/environment/path.sh
[1.215s] -- Installing: /home/cibi/Documents/Learning/Github_learning/Learnings/selfDringing_and_ros2/ros_code/bumperbot_ws_1/install/bumperbot_cpp_examples/share/bumperbot_cpp_examples/environment/path.dsv
[1.223s] -- Installing: /home/cibi/Documents/Learning/Github_learning/Learnings/selfDringing_and_ros2/ros_code/bumperbot_ws_1/install/bumperbot_cpp_examples/share/bumperbot_cpp_examples/local_setup.bash
[1.223s] -- Installing: /home/cibi/Documents/Learning/Github_learning/Learnings/selfDringing_and_ros2/ros_code/bumperbot_ws_1/install/bumperbot_cpp_examples/share/bumperbot_cpp_examples/local_setup.sh
[1.224s] -- Installing: /home/cibi/Documents/Learning/Github_learning/Learnings/selfDringing_and_ros2/ros_code/bumperbot_ws_1/install/bumperbot_cpp_examples/share/bumperbot_cpp_examples/local_setup.zsh
[1.228s] -- Installing: /home/cibi/Documents/Learning/Github_learning/Learnings/selfDringing_and_ros2/ros_code/bumperbot_ws_1/install/bumperbot_cpp_examples/share/bumperbot_cpp_examples/local_setup.dsv
[1.230s] -- Installing: /home/cibi/Documents/Learning/Github_learning/Learnings/selfDringing_and_ros2/ros_code/bumperbot_ws_1/install/bumperbot_cpp_examples/share/bumperbot_cpp_examples/package.dsv
[1.232s] -- Installing: /home/cibi/Documents/Learning/Github_learning/Learnings/selfDringing_and_ros2/ros_code/bumperbot_ws_1/install/bumperbot_cpp_examples/share/ament_index/resource_index/packages/bumperbot_cpp_examples
[1.233s] -- Installing: /home/cibi/Documents/Learning/Github_learning/Learnings/selfDringing_and_ros2/ros_code/bumperbot_ws_1/install/bumperbot_cpp_examples/share/bumperbot_cpp_examples/cmake/bumperbot_cpp_examplesConfig.cmake
[1.235s] -- Installing: /home/cibi/Documents/Learning/Github_learning/Learnings/selfDringing_and_ros2/ros_code/bumperbot_ws_1/install/bumperbot_cpp_examples/share/bumperbot_cpp_examples/cmake/bumperbot_cpp_examplesConfig-version.cmake
[1.237s] -- Installing: /home/cibi/Documents/Learning/Github_learning/Learnings/selfDringing_and_ros2/ros_code/bumperbot_ws_1/install/bumperbot_cpp_examples/share/bumperbot_cpp_examples/package.xml
[1.241s] Invoked command in '/home/cibi/Documents/Learning/Github_learning/Learnings/selfDringing_and_ros2/ros_code/bumperbot_ws_1/build/bumperbot_cpp_examples' returned '0': CMAKE_PREFIX_PATH=${CMAKE_PREFIX_PATH}:/home/cibi/Documents/Learning/Github_learning/Learnings/selfDringing_and_ros2/ros_code/bumperbot/install/bumperbot_py_examples:/opt/ros/humble _=/usr/bin/env /usr/bin/cmake --install /home/cibi/Documents/Learning/Github_learning/Learnings/selfDringing_and_ros2/ros_code/bumperbot_ws_1/build/bumperbot_cpp_examples
