running egg_info
creating ../../build/bumperbot_py_examples/bumperbot_py_examples.egg-info
writing ../../build/bumperbot_py_examples/bumperbot_py_examples.egg-info/PKG-INFO
writing dependency_links to ../../build/bumperbot_py_examples/bumperbot_py_examples.egg-info/dependency_links.txt
writing requirements to ../../build/bumperbot_py_examples/bumperbot_py_examples.egg-info/requires.txt
writing top-level names to ../../build/bumperbot_py_examples/bumperbot_py_examples.egg-info/top_level.txt
writing manifest file '../../build/bumperbot_py_examples/bumperbot_py_examples.egg-info/SOURCES.txt'
reading manifest file '../../build/bumperbot_py_examples/bumperbot_py_examples.egg-info/SOURCES.txt'
writing manifest file '../../build/bumperbot_py_examples/bumperbot_py_examples.egg-info/SOURCES.txt'
running build
running build_py
creating /home/cibi/Documents/Learning/Github_learning/Learnings/selfDringing_and_ros2/ros_code/bumperbot_ws_1/build/bumperbot_py_examples/build
creating /home/cibi/Documents/Learning/Github_learning/Learnings/selfDringing_and_ros2/ros_code/bumperbot_ws_1/build/bumperbot_py_examples/build/lib
creating /home/cibi/Documents/Learning/Github_learning/Learnings/selfDringing_and_ros2/ros_code/bumperbot_ws_1/build/bumperbot_py_examples/build/lib/bumperbot_py_examples
copying bumperbot_py_examples/__init__.py -> /home/cibi/Documents/Learning/Github_learning/Learnings/selfDringing_and_ros2/ros_code/bumperbot_ws_1/build/bumperbot_py_examples/build/lib/bumperbot_py_examples
running install
running install_lib
creating /home/cibi/Documents/Learning/Github_learning/Learnings/selfDringing_and_ros2/ros_code/bumperbot_ws_1/install/bumperbot_py_examples/lib/python3.10/site-packages/bumperbot_py_examples
copying /home/cibi/Documents/Learning/Github_learning/Learnings/selfDringing_and_ros2/ros_code/bumperbot_ws_1/build/bumperbot_py_examples/build/lib/bumperbot_py_examples/__init__.py -> /home/cibi/Documents/Learning/Github_learning/Learnings/selfDringing_and_ros2/ros_code/bumperbot_ws_1/install/bumperbot_py_examples/lib/python3.10/site-packages/bumperbot_py_examples
byte-compiling /home/cibi/Documents/Learning/Github_learning/Learnings/selfDringing_and_ros2/ros_code/bumperbot_ws_1/install/bumperbot_py_examples/lib/python3.10/site-packages/bumperbot_py_examples/__init__.py to __init__.cpython-310.pyc
running install_data
creating /home/cibi/Documents/Learning/Github_learning/Learnings/selfDringing_and_ros2/ros_code/bumperbot_ws_1/install/bumperbot_py_examples/share/ament_index
creating /home/cibi/Documents/Learning/Github_learning/Learnings/selfDringing_and_ros2/ros_code/bumperbot_ws_1/install/bumperbot_py_examples/share/ament_index/resource_index
creating /home/cibi/Documents/Learning/Github_learning/Learnings/selfDringing_and_ros2/ros_code/bumperbot_ws_1/install/bumperbot_py_examples/share/ament_index/resource_index/packages
copying resource/bumperbot_py_examples -> /home/cibi/Documents/Learning/Github_learning/Learnings/selfDringing_and_ros2/ros_code/bumperbot_ws_1/install/bumperbot_py_examples/share/ament_index/resource_index/packages
copying package.xml -> /home/cibi/Documents/Learning/Github_learning/Learnings/selfDringing_and_ros2/ros_code/bumperbot_ws_1/install/bumperbot_py_examples/share/bumperbot_py_examples
running install_egg_info
Copying ../../build/bumperbot_py_examples/bumperbot_py_examples.egg-info to /home/cibi/Documents/Learning/Github_learning/Learnings/selfDringing_and_ros2/ros_code/bumperbot_ws_1/install/bumperbot_py_examples/lib/python3.10/site-packages/bumperbot_py_examples-0.0.0-py3.10.egg-info
running install_scripts
writing list of installed files to '/home/cibi/Documents/Learning/Github_learning/Learnings/selfDringing_and_ros2/ros_code/bumperbot_ws_1/build/bumperbot_py_examples/install.log'
